Started GET "/" for ::1 at 2020-10-08 16:36:51 -0700
DEPRECATION WARNING: ActiveRecord::Base.raise_in_transactional_callbacks= is deprecated, has no effect and will be removed without replacement. (called from block (3 levels) in <class:Railtie> at /Users/carlosgarciajr/.rbenv/versions/2.5.1/lib/ruby/gems/2.5.0/gems/activerecord-5.0.7.2/lib/active_record/railtie.rb:113)
Processing by StaticPagesController#index as HTML
  Rendering static_pages/index.html.erb within layouts/application
  Rendered shared/_main_nav.html.erb (0.3ms)
  Rendered shared/_masthead.html.erb (0.2ms)
  Rendered shared/_sections_nav.html.erb (0.2ms)
  Rendered shared/_search_modal.html.erb (0.2ms)
  Rendered shared/_main_content.html.erb (0.2ms)
  Rendered static_pages/index.html.erb within layouts/application (15.2ms)
Completed 200 OK in 362ms (Views: 358.9ms | ActiveRecord: 0.0ms)


Started GET "/assets/application.self-5e5b219656abf8c4e83f7dfd5e5f4f415d8fe2348d16620303a4ed96d1b5a144.css?body=1" for ::1 at 2020-10-08 16:36:52 -0700
Started GET "/" for ::1 at 2020-10-08 16:36:53 -0700
Processing by StaticPagesController#index as HTML
  Rendering static_pages/index.html.erb within layouts/application
  Rendered shared/_main_nav.html.erb (0.2ms)
  Rendered shared/_masthead.html.erb (0.2ms)
  Rendered shared/_sections_nav.html.erb (0.2ms)
  Rendered shared/_search_modal.html.erb (0.2ms)
  Rendered shared/_main_content.html.erb (0.1ms)
  Rendered static_pages/index.html.erb within layouts/application (13.2ms)
Completed 200 OK in 29ms (Views: 26.9ms | ActiveRecord: 0.0ms)


Started GET "/" for ::1 at 2020-10-08 16:37:17 -0700
Processing by StaticPagesController#index as HTML
  Rendering static_pages/index.html.erb within layouts/application
  Rendered shared/_main_nav.html.erb (0.2ms)
  Rendered shared/_masthead.html.erb (0.2ms)
  Rendered shared/_sections_nav.html.erb (0.2ms)
  Rendered shared/_search_modal.html.erb (0.2ms)
  Rendered shared/_main_content.html.erb (0.2ms)
  Rendered static_pages/index.html.erb within layouts/application (14.6ms)
Completed 200 OK in 35ms (Views: 31.8ms | ActiveRecord: 0.0ms)


Started GET "/" for ::1 at 2020-10-08 16:37:20 -0700
Processing by StaticPagesController#index as HTML
  Rendering static_pages/index.html.erb within layouts/application
  Rendered shared/_main_nav.html.erb (0.2ms)
  Rendered shared/_masthead.html.erb (0.2ms)
  Rendered shared/_sections_nav.html.erb (0.2ms)
  Rendered shared/_search_modal.html.erb (0.2ms)
  Rendered shared/_main_content.html.erb (0.2ms)
  Rendered static_pages/index.html.erb within layouts/application (12.8ms)
Completed 200 OK in 30ms (Views: 27.7ms | ActiveRecord: 0.0ms)


Started GET "/" for ::1 at 2020-10-09 09:59:50 -0700
DEPRECATION WARNING: ActiveRecord::Base.raise_in_transactional_callbacks= is deprecated, has no effect and will be removed without replacement. (called from block (3 levels) in <class:Railtie> at /Users/carlosgarciajr/.rbenv/versions/2.5.1/lib/ruby/gems/2.5.0/gems/activerecord-5.0.7.2/lib/active_record/railtie.rb:113)
Processing by StaticPagesController#index as HTML
  Rendering static_pages/index.html.erb within layouts/application
  Rendered shared/_main_nav.html.erb (0.3ms)
  Rendered shared/_masthead.html.erb (0.2ms)
  Rendered shared/_sections_nav.html.erb (0.2ms)
  Rendered shared/_search_modal.html.erb (0.2ms)
  Rendered shared/_main_content.html.erb (0.2ms)
  Rendered static_pages/index.html.erb within layouts/application (15.4ms)
Completed 200 OK in 353ms (Views: 350.1ms | ActiveRecord: 0.0ms)


Started GET "/assets/application.self-7aae4f884d21c0f895d0e25909b4a3857ca3f7bdd4412baf28bf32a8b1f558b1.css?body=1" for ::1 at 2020-10-09 09:59:51 -0700
Started GET "/" for ::1 at 2020-10-09 10:00:16 -0700
Processing by StaticPagesController#index as HTML
  Rendering static_pages/index.html.erb within layouts/application
  Rendered shared/_main_nav.html.erb (0.2ms)
  Rendered shared/_masthead.html.erb (0.2ms)
  Rendered shared/_sections_nav.html.erb (0.1ms)
  Rendered shared/_search_modal.html.erb (0.2ms)
  Rendered shared/_main_content.html.erb (0.4ms)
  Rendered static_pages/index.html.erb within layouts/application (12.9ms)
Completed 200 OK in 34ms (Views: 30.5ms | ActiveRecord: 0.0ms)


Started GET "/assets/new_office.jpg" for ::1 at 2020-10-09 10:00:16 -0700
Started GET "/" for ::1 at 2020-10-09 10:03:51 -0700
Processing by StaticPagesController#index as HTML
  Rendering static_pages/index.html.erb within layouts/application
  Rendered shared/_main_nav.html.erb (0.2ms)
  Rendered shared/_masthead.html.erb (0.2ms)
  Rendered shared/_sections_nav.html.erb (0.3ms)
  Rendered shared/_search_modal.html.erb (0.2ms)
  Rendered shared/_main_content.html.erb (0.3ms)
  Rendered static_pages/index.html.erb within layouts/application (13.1ms)
Completed 200 OK in 109ms (Views: 104.9ms | ActiveRecord: 0.0ms)


Started GET "/assets/application.self-e229079662ba64eec2df88cc9898f07a6b5005419aa37c928d3d684a6d58d3e4.css?body=1" for ::1 at 2020-10-09 10:03:51 -0700
Started GET "/assets/new_office.jpg" for ::1 at 2020-10-09 10:03:51 -0700
Started GET "/" for ::1 at 2020-10-12 13:48:14 -0700
DEPRECATION WARNING: ActiveRecord::Base.raise_in_transactional_callbacks= is deprecated, has no effect and will be removed without replacement. (called from block (3 levels) in <class:Railtie> at /Users/carlosgarciajr/.rbenv/versions/2.5.1/lib/ruby/gems/2.5.0/gems/activerecord-5.0.7.2/lib/active_record/railtie.rb:113)
Processing by StaticPagesController#index as HTML
  Rendering static_pages/index.html.erb within layouts/application
  Rendered shared/_main_nav.html.erb (0.2ms)
  Rendered shared/_masthead.html.erb (0.1ms)
  Rendered shared/_sections_nav.html.erb (0.1ms)
  Rendered shared/_search_modal.html.erb (0.2ms)
  Rendered shared/_main_content.html.erb (0.3ms)
  Rendered static_pages/index.html.erb within layouts/application (14.5ms)
Completed 500 Internal Server Error in 194ms (ActiveRecord: 0.0ms)



Sass::SyntaxError - File to import not found or unreadable: base/grid.scss.
Load paths:
  /Users/carlosgarciajr/Documents/programming/app_academy_work/curriculum/html-css/projects/aa_times/skeleton/app/assets/images
  /Users/carlosgarciajr/Documents/programming/app_academy_work/curriculum/html-css/projects/aa_times/skeleton/app/assets/javascripts
  /Users/carlosgarciajr/Documents/programming/app_academy_work/curriculum/html-css/projects/aa_times/skeleton/app/assets/stylesheets
  /Users/carlosgarciajr/Documents/programming/app_academy_work/curriculum/html-css/projects/aa_times/skeleton/vendor/assets/javascripts
  /Users/carlosgarciajr/Documents/programming/app_academy_work/curriculum/html-css/projects/aa_times/skeleton/vendor/assets/stylesheets
  /Users/carlosgarciajr/.rbenv/versions/2.5.1/lib/ruby/gems/2.5.0/gems/jquery-rails-4.4.0/vendor/assets/javascripts
  /Users/carlosgarciajr/.rbenv/versions/2.5.1/lib/ruby/gems/2.5.0/gems/coffee-rails-4.2.2/lib/assets/javascripts
  /Users/carlosgarciajr/.rbenv/versions/2.5.1/lib/ruby/gems/2.5.0/gems/actioncable-5.0.7.2/lib/assets/compiled:
  app/views/layouts/application.html.erb:7:in `_app_views_layouts_application_html_erb___270333905406359367_70279989431840'

Started POST "/__better_errors/927a171e4587d656/variables" for ::1 at 2020-10-12 13:48:14 -0700
Started GET "/" for ::1 at 2020-10-12 13:48:41 -0700
Processing by StaticPagesController#index as HTML
  Rendering static_pages/index.html.erb within layouts/application
  Rendered shared/_main_nav.html.erb (0.2ms)
  Rendered shared/_masthead.html.erb (0.1ms)
  Rendered shared/_sections_nav.html.erb (0.3ms)
  Rendered shared/_search_modal.html.erb (0.3ms)
  Rendered shared/_main_content.html.erb (0.2ms)
  Rendered static_pages/index.html.erb within layouts/application (12.8ms)
Completed 200 OK in 110ms (Views: 107.4ms | ActiveRecord: 0.0ms)


Started GET "/assets/application.self-1237ad35a9ee79bd64030d4638d1fd80f6734c490eb538e0dd01d7af3c16bf40.css?body=1" for ::1 at 2020-10-12 13:48:41 -0700
Started GET "/" for ::1 at 2020-10-12 13:48:43 -0700
Processing by StaticPagesController#index as HTML
  Rendering static_pages/index.html.erb within layouts/application
  Rendered shared/_main_nav.html.erb (0.2ms)
  Rendered shared/_masthead.html.erb (0.2ms)
  Rendered shared/_sections_nav.html.erb (0.2ms)
  Rendered shared/_search_modal.html.erb (0.2ms)
  Rendered shared/_main_content.html.erb (0.2ms)
  Rendered static_pages/index.html.erb within layouts/application (13.1ms)
Completed 200 OK in 33ms (Views: 29.9ms | ActiveRecord: 0.0ms)


Started GET "/" for ::1 at 2020-10-12 13:55:52 -0700
DEPRECATION WARNING: ActiveRecord::Base.raise_in_transactional_callbacks= is deprecated, has no effect and will be removed without replacement. (called from block (3 levels) in <class:Railtie> at /Users/carlosgarciajr/.rbenv/versions/2.5.1/lib/ruby/gems/2.5.0/gems/activerecord-5.0.7.2/lib/active_record/railtie.rb:113)
Processing by StaticPagesController#index as HTML
  Rendering static_pages/index.html.erb within layouts/application
  Rendered shared/_main_nav.html.erb (0.2ms)
  Rendered shared/_masthead.html.erb (0.1ms)
  Rendered shared/_sections_nav.html.erb (0.3ms)
  Rendered shared/_search_modal.html.erb (0.2ms)
  Rendered shared/_main_content.html.erb (0.3ms)
  Rendered static_pages/index.html.erb within layouts/application (14.6ms)
Completed 200 OK in 257ms (Views: 254.8ms | ActiveRecord: 0.0ms)


Started GET "/assets/application.self-758afe40c177e32f890a8b8e23f11571b5d1785af915c0789bd6a19191afc6ab.css?body=1" for ::1 at 2020-10-12 13:55:52 -0700
Started GET "/assets/new_office.jpg" for ::1 at 2020-10-12 13:55:52 -0700
Started GET "/" for ::1 at 2020-10-12 13:56:32 -0700
Processing by StaticPagesController#index as HTML
  Rendering static_pages/index.html.erb within layouts/application
  Rendered shared/_main_nav.html.erb (0.1ms)
  Rendered shared/_masthead.html.erb (0.2ms)
  Rendered shared/_sections_nav.html.erb (0.1ms)
  Rendered shared/_search_modal.html.erb (0.3ms)
  Rendered shared/_main_content.html.erb (0.3ms)
  Rendered static_pages/index.html.erb within layouts/application (12.3ms)
Completed 200 OK in 75ms (Views: 72.8ms | ActiveRecord: 0.0ms)


Started GET "/assets/application.self-e229079662ba64eec2df88cc9898f07a6b5005419aa37c928d3d684a6d58d3e4.css?body=1" for ::1 at 2020-10-12 13:56:32 -0700
Started GET "/assets/new_office.jpg" for ::1 at 2020-10-12 13:56:32 -0700
Started GET "/" for ::1 at 2020-10-12 13:56:33 -0700
Processing by StaticPagesController#index as HTML
  Rendering static_pages/index.html.erb within layouts/application
  Rendered shared/_main_nav.html.erb (0.2ms)
  Rendered shared/_masthead.html.erb (0.2ms)
  Rendered shared/_sections_nav.html.erb (0.2ms)
  Rendered shared/_search_modal.html.erb (0.2ms)
  Rendered shared/_main_content.html.erb (0.2ms)
  Rendered static_pages/index.html.erb within layouts/application (12.9ms)
Completed 200 OK in 34ms (Views: 31.3ms | ActiveRecord: 0.0ms)


Started GET "/assets/new_office.jpg" for ::1 at 2020-10-12 13:56:33 -0700
Started GET "/" for ::1 at 2020-10-12 13:57:15 -0700
Processing by StaticPagesController#index as HTML
  Rendering static_pages/index.html.erb within layouts/application
  Rendered shared/_main_nav.html.erb (0.2ms)
  Rendered shared/_masthead.html.erb (0.2ms)
  Rendered shared/_sections_nav.html.erb (0.2ms)
  Rendered shared/_search_modal.html.erb (0.2ms)
  Rendered shared/_main_content.html.erb (0.3ms)
  Rendered static_pages/index.html.erb within layouts/application (12.6ms)
Completed 200 OK in 92ms (Views: 88.2ms | ActiveRecord: 0.0ms)


Started GET "/assets/application.self-7aae4f884d21c0f895d0e25909b4a3857ca3f7bdd4412baf28bf32a8b1f558b1.css?body=1" for ::1 at 2020-10-12 13:57:15 -0700
Started GET "/assets/new_office.jpg" for ::1 at 2020-10-12 13:57:15 -0700
Started GET "/" for ::1 at 2021-02-11 14:38:55 -0500
DEPRECATION WARNING: ActiveRecord::Base.raise_in_transactional_callbacks= is deprecated, has no effect and will be removed without replacement. (called from block (3 levels) in <class:Railtie> at /Users/mendykatz/.rbenv/versions/2.5.1/lib/ruby/gems/2.5.0/gems/activerecord-5.0.7.2/lib/active_record/railtie.rb:113)
Processing by StaticPagesController#index as HTML
  Rendering static_pages/index.html.erb within layouts/application
  Rendered shared/_main_nav.html.erb (0.4ms)
  Rendered shared/_masthead.html.erb (0.7ms)
  Rendered shared/_sections_nav.html.erb (0.4ms)
  Rendered shared/_search_modal.html.erb (0.6ms)
  Rendered shared/_main_content.html.erb (0.4ms)
  Rendered static_pages/index.html.erb within layouts/application (44.9ms)
Completed 200 OK in 2026ms (Views: 2015.9ms | ActiveRecord: 0.0ms)


Started GET "/assets/components/modal.self-52188644dbb47def5ee35ae02e69eb567ca9b664472357a8a5789dd39032a265.js?body=1" for ::1 at 2021-02-11 14:38:59 -0500
Started GET "/assets/application.self-58eb246ec7ca36ec69c101b37f0ca767ae2281fd67e46dd72187fafed0584538.css?body=1" for ::1 at 2021-02-11 14:38:59 -0500
Started GET "/assets/jquery.self-bd7ddd393353a8d2480a622e80342adf488fb6006d667e8b42e4c0073393abee.js?body=1" for ::1 at 2021-02-11 14:38:59 -0500
Started GET "/assets/jquery_ujs.self-784a997f6726036b1993eb2217c9cb558e1cbb801c6da88105588c56f13b466a.js?body=1" for ::1 at 2021-02-11 14:38:59 -0500
Started GET "/assets/components/sidebar.self-2a1277f850a6fa21e1a974ef5152f177ac05516477d5081d593bb137b3d6808b.js?body=1" for ::1 at 2021-02-11 14:38:59 -0500
Started GET "/assets/application.self-f571b9db02bf4ed04c38a6a29072ac382f7d4f47db1fab9817aeadb0d8665235.js?body=1" for ::1 at 2021-02-11 14:38:59 -0500
Started GET "/assets/application.self-58eb246ec7ca36ec69c101b37f0ca767ae2281fd67e46dd72187fafed0584538.css?body=1&livereload=1613072453467" for ::1 at 2021-02-11 14:40:53 -0500
Started GET "/assets/application.self-58eb246ec7ca36ec69c101b37f0ca767ae2281fd67e46dd72187fafed0584538.css?body=1&livereload=1613072453462" for ::1 at 2021-02-11 14:40:53 -0500
Started GET "/assets/application.self-58eb246ec7ca36ec69c101b37f0ca767ae2281fd67e46dd72187fafed0584538.css?body=1&livereload=1613072458514" for ::1 at 2021-02-11 14:40:58 -0500
Started GET "/assets/application.self-58eb246ec7ca36ec69c101b37f0ca767ae2281fd67e46dd72187fafed0584538.css?body=1&livereload=1613072458529" for ::1 at 2021-02-11 14:40:58 -0500
Started GET "/assets/application.self-58eb246ec7ca36ec69c101b37f0ca767ae2281fd67e46dd72187fafed0584538.css?body=1&livereload=1613072461614" for ::1 at 2021-02-11 14:41:01 -0500
Started GET "/assets/application.self-58eb246ec7ca36ec69c101b37f0ca767ae2281fd67e46dd72187fafed0584538.css?body=1&livereload=1613072461617" for ::1 at 2021-02-11 14:41:01 -0500
Started GET "/assets/application.self-58eb246ec7ca36ec69c101b37f0ca767ae2281fd67e46dd72187fafed0584538.css?body=1&livereload=1613072463992" for ::1 at 2021-02-11 14:41:04 -0500
Started GET "/assets/application.self-58eb246ec7ca36ec69c101b37f0ca767ae2281fd67e46dd72187fafed0584538.css?body=1&livereload=1613072463999" for ::1 at 2021-02-11 14:41:04 -0500
Started GET "/assets/application.self-58eb246ec7ca36ec69c101b37f0ca767ae2281fd67e46dd72187fafed0584538.css?body=1&livereload=1613072466733" for ::1 at 2021-02-11 14:41:06 -0500
Started GET "/assets/application.self-58eb246ec7ca36ec69c101b37f0ca767ae2281fd67e46dd72187fafed0584538.css?body=1&livereload=1613072466738" for ::1 at 2021-02-11 14:41:06 -0500
Started GET "/assets/application.self-58eb246ec7ca36ec69c101b37f0ca767ae2281fd67e46dd72187fafed0584538.css?body=1&livereload=1613072467863" for ::1 at 2021-02-11 14:41:07 -0500
Started GET "/assets/application.self-58eb246ec7ca36ec69c101b37f0ca767ae2281fd67e46dd72187fafed0584538.css?body=1&livereload=1613072467868" for ::1 at 2021-02-11 14:41:07 -0500
Started GET "/assets/application.self-58eb246ec7ca36ec69c101b37f0ca767ae2281fd67e46dd72187fafed0584538.css?body=1&livereload=1613072483856" for ::1 at 2021-02-11 14:41:23 -0500
Started GET "/assets/application.self-58eb246ec7ca36ec69c101b37f0ca767ae2281fd67e46dd72187fafed0584538.css?body=1&livereload=1613072483858" for ::1 at 2021-02-11 14:41:23 -0500
Started GET "/assets/application.self-58eb246ec7ca36ec69c101b37f0ca767ae2281fd67e46dd72187fafed0584538.css?body=1&livereload=1613072486199" for ::1 at 2021-02-11 14:41:26 -0500
Started GET "/assets/application.self-58eb246ec7ca36ec69c101b37f0ca767ae2281fd67e46dd72187fafed0584538.css?body=1&livereload=1613072486204" for ::1 at 2021-02-11 14:41:26 -0500
Started GET "/assets/application.self-58eb246ec7ca36ec69c101b37f0ca767ae2281fd67e46dd72187fafed0584538.css?body=1&livereload=1613072488907" for ::1 at 2021-02-11 14:41:28 -0500
Started GET "/assets/application.self-58eb246ec7ca36ec69c101b37f0ca767ae2281fd67e46dd72187fafed0584538.css?body=1&livereload=1613072488908" for ::1 at 2021-02-11 14:41:28 -0500
Started GET "/assets/application.self-58eb246ec7ca36ec69c101b37f0ca767ae2281fd67e46dd72187fafed0584538.css?body=1&livereload=1613072496186" for ::1 at 2021-02-11 14:41:36 -0500
Started GET "/assets/application.self-58eb246ec7ca36ec69c101b37f0ca767ae2281fd67e46dd72187fafed0584538.css?body=1&livereload=1613072496189" for ::1 at 2021-02-11 14:41:36 -0500
Started GET "/assets/application.self-58eb246ec7ca36ec69c101b37f0ca767ae2281fd67e46dd72187fafed0584538.css?body=1&livereload=1613072497026" for ::1 at 2021-02-11 14:41:37 -0500
Started GET "/assets/application.self-58eb246ec7ca36ec69c101b37f0ca767ae2281fd67e46dd72187fafed0584538.css?body=1&livereload=1613072497025" for ::1 at 2021-02-11 14:41:37 -0500
Started GET "/assets/application.self-58eb246ec7ca36ec69c101b37f0ca767ae2281fd67e46dd72187fafed0584538.css?body=1&livereload=1613072500852" for ::1 at 2021-02-11 14:41:40 -0500
Started GET "/assets/application.self-58eb246ec7ca36ec69c101b37f0ca767ae2281fd67e46dd72187fafed0584538.css?body=1&livereload=1613072500855" for ::1 at 2021-02-11 14:41:40 -0500
Started GET "/assets/application.self-58eb246ec7ca36ec69c101b37f0ca767ae2281fd67e46dd72187fafed0584538.css?body=1&livereload=1613072504030" for ::1 at 2021-02-11 14:41:44 -0500
Started GET "/assets/application.self-58eb246ec7ca36ec69c101b37f0ca767ae2281fd67e46dd72187fafed0584538.css?body=1&livereload=1613072504032" for ::1 at 2021-02-11 14:41:44 -0500
Started GET "/assets/application.self-58eb246ec7ca36ec69c101b37f0ca767ae2281fd67e46dd72187fafed0584538.css?body=1&livereload=1613072506474" for ::1 at 2021-02-11 14:41:46 -0500
Started GET "/assets/application.self-58eb246ec7ca36ec69c101b37f0ca767ae2281fd67e46dd72187fafed0584538.css?body=1&livereload=1613072506476" for ::1 at 2021-02-11 14:41:46 -0500
Started GET "/assets/application.self-58eb246ec7ca36ec69c101b37f0ca767ae2281fd67e46dd72187fafed0584538.css?body=1&livereload=1613072522324" for ::1 at 2021-02-11 14:42:02 -0500
Started GET "/assets/application.self-58eb246ec7ca36ec69c101b37f0ca767ae2281fd67e46dd72187fafed0584538.css?body=1&livereload=1613072522326" for ::1 at 2021-02-11 14:42:02 -0500
Started GET "/assets/application.self-58eb246ec7ca36ec69c101b37f0ca767ae2281fd67e46dd72187fafed0584538.css?body=1&livereload=1613072558221" for ::1 at 2021-02-11 14:42:38 -0500
Started GET "/assets/application.self-58eb246ec7ca36ec69c101b37f0ca767ae2281fd67e46dd72187fafed0584538.css?body=1&livereload=1613072558223" for ::1 at 2021-02-11 14:42:38 -0500
Started GET "/assets/application.self-58eb246ec7ca36ec69c101b37f0ca767ae2281fd67e46dd72187fafed0584538.css?body=1&livereload=1613072562897" for ::1 at 2021-02-11 14:42:42 -0500
Started GET "/assets/application.self-58eb246ec7ca36ec69c101b37f0ca767ae2281fd67e46dd72187fafed0584538.css?body=1&livereload=1613072562899" for ::1 at 2021-02-11 14:42:42 -0500
Started GET "/" for ::1 at 2021-02-11 14:43:00 -0500
Processing by StaticPagesController#index as HTML
  Rendering static_pages/index.html.erb within layouts/application
  Rendered shared/_main_nav.html.erb (1.7ms)
  Rendered shared/_masthead.html.erb (0.8ms)
  Rendered shared/_sections_nav.html.erb (0.7ms)
  Rendered shared/_search_modal.html.erb (0.7ms)
  Rendered shared/_main_content.html.erb (0.5ms)
  Rendered static_pages/index.html.erb within layouts/application (52.1ms)
Completed 200 OK in 241ms (Views: 162.1ms | ActiveRecord: 0.0ms)


Started GET "/assets/application.self-fb7d078a0d64fbab4f614085907ea6ce4e5a552ccbc55b371294d03506dbd8fa.css?body=1" for ::1 at 2021-02-11 14:43:01 -0500
